#
# There is insufficient memory for the Java Runtime Environment to continue.
# Native memory allocation (mmap) failed to map 266338304 bytes. Error detail: G1 virtual space
# Possible reasons:
#   The system is out of physical RAM or swap space
#   This process is running with CompressedOops enabled, and the Java Heap may be blocking the growth of the native heap
# Possible solutions:
#   Reduce memory load on the system
#   Increase physical memory or swap space
#   Check if swap backing store is full
#   Decrease Java heap size (-Xmx/-Xms)
#   Decrease number of Java threads
#   Decrease Java thread stack sizes (-Xss)
#   Set larger code cache with -XX:ReservedCodeCacheSize=
#   JVM is running with Zero Based Compressed Oops mode in which the Java heap is
#     placed in the first 32GB address space. The Java Heap base address is the
#     maximum limit for the native heap growth. Please use -XX:HeapBaseMinAddress
#     to set the Java Heap base and to place the Java Heap above 32GB virtual address.
# This output file may be truncated or incomplete.
#
#  Out of Memory Error (os_windows.cpp:3703), pid=19160, tid=17292
#
# JRE version:  (23.0.1+11) (build )
# Java VM: Java HotSpot(TM) 64-Bit Server VM (23.0.1+11-39, mixed mode, sharing, tiered, compressed oops, compressed class ptrs, g1 gc, windows-amd64)
# No core dump will be written. Minidumps are not enabled by default on client versions of Windows
#

---------------  S U M M A R Y ------------

Command Line: --module-path=C:\Users\ad\Downloads\openjfx-23.0.1_windows-x64_bin-sdk\javafx-sdk-23.0.1\lib --add-modules=javafx.controls,javafx.fxml -Dfile.encoding=UTF-8 -Dstdout.encoding=UTF-8 -Dstderr.encoding=UTF-8 --module-path=C:\Users\ad\Downloads\openjfx-23.0.1_windows-x64_bin-sdk\javafx-sdk-23.0.1\lib\javafx-swt.jar;C:\Users\ad\Downloads\openjfx-23.0.1_windows-x64_bin-sdk\javafx-sdk-23.0.1\lib\javafx.base.jar;C:\Users\ad\Downloads\openjfx-23.0.1_windows-x64_bin-sdk\javafx-sdk-23.0.1\lib\javafx.controls.jar;C:\Users\ad\Downloads\openjfx-23.0.1_windows-x64_bin-sdk\javafx-sdk-23.0.1\lib\javafx.fxml.jar;C:\Users\ad\Downloads\openjfx-23.0.1_windows-x64_bin-sdk\javafx-sdk-23.0.1\lib\javafx.graphics.jar;C:\Users\ad\Downloads\openjfx-23.0.1_windows-x64_bin-sdk\javafx-sdk-23.0.1\lib\javafx.media.jar;C:\Users\ad\Downloads\openjfx-23.0.1_windows-x64_bin-sdk\javafx-sdk-23.0.1\lib\javafx.swing.jar;C:\Users\ad\Downloads\openjfx-23.0.1_windows-x64_bin-sdk\javafx-sdk-23.0.1\lib\javafx.web.jar;C:\Users\ad\.p2\pool\plugins\org.eclipse.fx.ide.css.jfx8_3.8.0.202204150904.jar -XX:+ShowCodeDetailsInExceptionMessages gui.TestJavaFX

Host: 11th Gen Intel(R) Core(TM) i5-11400H @ 2.70GHz, 12 cores, 15G,  Windows 11 , 64 bit Build 22621 (10.0.22621.4391)
Time: Sat Nov 16 23:10:58 2024 SE Asia Standard Time elapsed time: 0.012950 seconds (0d 0h 0m 0s)

---------------  T H R E A D  ---------------

Current thread (0x000001c6cd2dc300):  JavaThread "Unknown thread" [_thread_in_vm, id=17292, stack(0x00000092bea00000,0x00000092beb00000) (1024K)]

Stack: [0x00000092bea00000,0x00000092beb00000]
Native frames: (J=compiled Java code, j=interpreted, Vv=VM code, C=native code)
V  [jvm.dll+0x6e08b9]  (no source info available)
V  [jvm.dll+0x87dc83]  (no source info available)
V  [jvm.dll+0x88010e]  (no source info available)
V  [jvm.dll+0x8807e3]  (no source info available)
V  [jvm.dll+0x27aee6]  (no source info available)
V  [jvm.dll+0x6dd1c5]  (no source info available)
V  [jvm.dll+0x6d104a]  (no source info available)
V  [jvm.dll+0x35b3ea]  (no source info available)
V  [jvm.dll+0x3637f6]  (no source info available)
V  [jvm.dll+0x34fd5e]  (no source info available)
V  [jvm.dll+0x34fff8]  (no source info available)
V  [jvm.dll+0x3289cc]  (no source info available)
V  [jvm.dll+0x32966e]  (no source info available)
V  [jvm.dll+0x844355]  (no source info available)
V  [jvm.dll+0x3b9848]  (no source info available)
V  [jvm.dll+0x82d14c]  (no source info available)
V  [jvm.dll+0x454d4e]  (no source info available)
V  [jvm.dll+0x456bd1]  (no source info available)
C  [jli.dll+0x52a3]  (no source info available)
C  [ucrtbase.dll+0x29333]  (no source info available)
C  [KERNEL32.DLL+0x1259d]  (no source info available)
C  [ntdll.dll+0x5af38]  (no source info available)

Lock stack of current Java thread (top to bottom):


---------------  P R O C E S S  ---------------

Threads class SMR info:
_java_thread_list=0x00007fff4d753618, length=0, elements={
}

Java Threads: ( => current thread )
Total: 0

Other Threads:
  0x000001c6cf5fe4f0 WorkerThread "GC Thread#0"                     [id=9632, stack(0x00000092beb00000,0x00000092bec00000) (1024K)]
  0x000001c6cf614100 ConcurrentGCThread "G1 Main Marker"            [id=14164, stack(0x00000092bec00000,0x00000092bed00000) (1024K)]
  0x000001c6cf615b70 WorkerThread "G1 Conc#0"                       [id=19000, stack(0x00000092bed00000,0x00000092bee00000) (1024K)]

[error occurred during error reporting (printing all threads), id 0xc0000005, EXCEPTION_ACCESS_VIOLATION (0xc0000005) at pc=0x00007fff4ce9bfba]
VM state: not at safepoint (not fully initialized)

VM Mutex/Monitor currently owned by a thread:  ([mutex/lock_event])
[0x00007fff4d7d3a10] Heap_lock - owner thread: 0x000001c6cd2dc300

Heap address: 0x0000000703600000, size: 4042 MB, Compressed Oops mode: Zero based, Oop shift amount: 3

CDS archive(s) mapped at: [0x0000000000000000-0x0000000000000000-0x0000000000000000), size 0, SharedBaseAddress: 0x0000000800000000, ArchiveRelocationMode: 1.
Narrow klass base: 0x0000000000000000, Narrow klass shift: 0, Narrow klass range: 0x0

GC Precious Log:
 CardTable entry size: 512
 Card Set container configuration: InlinePtr #cards 4 size 8 Array Of Cards #cards 16 size 48 Howl #buckets 8 coarsen threshold 3686 Howl Bitmap #cards 512 size 80 coarsen threshold 460 Card regions per heap region 1 cards per card region 4096

Heap:
 garbage-first heap   total reserved 4139008K, committed 0K, used 0K [0x0000000703600000, 0x0000000800000000)
  region size 2048K, 0 young (0K), 0 survivors (0K)

[error occurred during error reporting (printing heap information), id 0xc0000005, EXCEPTION_ACCESS_VIOLATION (0xc0000005) at pc=0x00007fff4d29c3c9]
GC Heap History (0 events):
No events

Dll operation events (1 events):
Event: 0.009 Loaded shared library C:\Program Files\Java\jdk-23\bin\java.dll

Deoptimization events (0 events):
No events

Classes loaded (0 events):
No events

Classes unloaded (0 events):
No events

Classes redefined (0 events):
No events

Internal exceptions (0 events):
No events

VM Operations (0 events):
No events

Memory protections (0 events):
No events

Nmethod flushes (0 events):
No events

Events (0 events):
No events


Dynamic libraries:
0x00007ff7a0f80000 - 0x00007ff7a0f90000 	C:\Program Files\Java\jdk-23\bin\javaw.exe
0x00007fffd9930000 - 0x00007fffd9b47000 	C:\Windows\SYSTEM32\ntdll.dll
0x00007fffd7bd0000 - 0x00007fffd7c94000 	C:\Windows\System32\KERNEL32.DLL
0x00007fffd7000000 - 0x00007fffd73b9000 	C:\Windows\System32\KERNELBASE.dll
0x00007fffd73c0000 - 0x00007fffd74d1000 	C:\Windows\System32\ucrtbase.dll
0x00007fffc58e0000 - 0x00007fffc58f7000 	C:\Program Files\Java\jdk-23\bin\jli.dll
0x00007fffc5820000 - 0x00007fffc583b000 	C:\Program Files\Java\jdk-23\bin\VCRUNTIME140.dll
0x00007fffd7840000 - 0x00007fffd79ee000 	C:\Windows\System32\USER32.dll
0x00007fffbdbb0000 - 0x00007fffbde42000 	C:\Windows\WinSxS\amd64_microsoft.windows.common-controls_6595b64144ccf1df_6.0.22621.4391_none_2715d37f73803e96\COMCTL32.dll
0x00007fffd6ca0000 - 0x00007fffd6cc6000 	C:\Windows\System32\win32u.dll
0x00007fffd81a0000 - 0x00007fffd8247000 	C:\Windows\System32\msvcrt.dll
0x00007fffd7810000 - 0x00007fffd7839000 	C:\Windows\System32\GDI32.dll
0x00007fffd6d80000 - 0x00007fffd6e9b000 	C:\Windows\System32\gdi32full.dll
0x00007fffd6ea0000 - 0x00007fffd6f3a000 	C:\Windows\System32\msvcp_win.dll
0x00007fffd8d60000 - 0x00007fffd8d91000 	C:\Windows\System32\IMM32.DLL
0x00007fffceb10000 - 0x00007fffceb1c000 	C:\Program Files\Java\jdk-23\bin\vcruntime140_1.dll
0x00007fffc4ca0000 - 0x00007fffc4d2e000 	C:\Program Files\Java\jdk-23\bin\msvcp140.dll
0x00007fff4cb60000 - 0x00007fff4d8af000 	C:\Program Files\Java\jdk-23\bin\server\jvm.dll
0x00007fffd7ca0000 - 0x00007fffd7d52000 	C:\Windows\System32\ADVAPI32.dll
0x00007fffd86d0000 - 0x00007fffd8777000 	C:\Windows\System32\sechost.dll
0x00007fffd6d50000 - 0x00007fffd6d78000 	C:\Windows\System32\bcrypt.dll
0x00007fffd79f0000 - 0x00007fffd7b04000 	C:\Windows\System32\RPCRT4.dll
0x00007fffd8900000 - 0x00007fffd8971000 	C:\Windows\System32\WS2_32.dll
0x00007fffd5a80000 - 0x00007fffd5acd000 	C:\Windows\SYSTEM32\POWRPROF.dll
0x00007fffceaa0000 - 0x00007fffcead4000 	C:\Windows\SYSTEM32\WINMM.dll
0x00007fffccab0000 - 0x00007fffccaba000 	C:\Windows\SYSTEM32\VERSION.dll
0x00007fffd5a60000 - 0x00007fffd5a73000 	C:\Windows\SYSTEM32\UMPDC.dll
0x00007fffd5c80000 - 0x00007fffd5c98000 	C:\Windows\SYSTEM32\kernel.appcore.dll
0x00007fffc5c20000 - 0x00007fffc5c2a000 	C:\Program Files\Java\jdk-23\bin\jimage.dll
0x00007fffd3fb0000 - 0x00007fffd41e2000 	C:\Windows\SYSTEM32\DBGHELP.DLL
0x00007fffd89d0000 - 0x00007fffd8d5f000 	C:\Windows\System32\combase.dll
0x00007fffd9630000 - 0x00007fffd9707000 	C:\Windows\System32\OLEAUT32.dll
0x00007fffafaf0000 - 0x00007fffafb22000 	C:\Windows\SYSTEM32\dbgcore.DLL
0x00007fffd6cd0000 - 0x00007fffd6d4b000 	C:\Windows\System32\bcryptPrimitives.dll
0x00007fffc50d0000 - 0x00007fffc50ee000 	C:\Program Files\Java\jdk-23\bin\java.dll
0x00007fffd7650000 - 0x00007fffd77f5000 	C:\Windows\System32\ole32.dll
0x00007fffd8db0000 - 0x00007fffd9626000 	C:\Windows\System32\SHELL32.dll

dbghelp: loaded successfully - version: 4.0.5 - missing functions: none
symbol engine: initialized successfully - sym options: 0x614 - pdb path: .;C:\Program Files\Java\jdk-23\bin;C:\Windows\SYSTEM32;C:\Windows\WinSxS\amd64_microsoft.windows.common-controls_6595b64144ccf1df_6.0.22621.4391_none_2715d37f73803e96;C:\Program Files\Java\jdk-23\bin\server

VM Arguments:
jvm_args: --module-path=C:\Users\ad\Downloads\openjfx-23.0.1_windows-x64_bin-sdk\javafx-sdk-23.0.1\lib --add-modules=javafx.controls,javafx.fxml -Dfile.encoding=UTF-8 -Dstdout.encoding=UTF-8 -Dstderr.encoding=UTF-8 --module-path=C:\Users\ad\Downloads\openjfx-23.0.1_windows-x64_bin-sdk\javafx-sdk-23.0.1\lib\javafx-swt.jar;C:\Users\ad\Downloads\openjfx-23.0.1_windows-x64_bin-sdk\javafx-sdk-23.0.1\lib\javafx.base.jar;C:\Users\ad\Downloads\openjfx-23.0.1_windows-x64_bin-sdk\javafx-sdk-23.0.1\lib\javafx.controls.jar;C:\Users\ad\Downloads\openjfx-23.0.1_windows-x64_bin-sdk\javafx-sdk-23.0.1\lib\javafx.fxml.jar;C:\Users\ad\Downloads\openjfx-23.0.1_windows-x64_bin-sdk\javafx-sdk-23.0.1\lib\javafx.graphics.jar;C:\Users\ad\Downloads\openjfx-23.0.1_windows-x64_bin-sdk\javafx-sdk-23.0.1\lib\javafx.media.jar;C:\Users\ad\Downloads\openjfx-23.0.1_windows-x64_bin-sdk\javafx-sdk-23.0.1\lib\javafx.swing.jar;C:\Users\ad\Downloads\openjfx-23.0.1_windows-x64_bin-sdk\javafx-sdk-23.0.1\lib\javafx.web.jar;C:\Users\ad\.p2\pool\plugins\org.eclipse.fx.ide.css.jfx8_3.8.0.202204150904.jar -XX:+ShowCodeDetailsInExceptionMessages 
java_command: gui.TestJavaFX
java_class_path (initial): D:\PTUD\PTUD_N5_HK1-2024-2025\bin;D:\PTUD\PTUD_N5_HK1-2024-2025\lib\sqljdbc42.jar;C:\Users\ad\.p2\pool\plugins\junit-jupiter-api_5.11.0.jar;C:\Users\ad\.p2\pool\plugins\junit-jupiter-engine_5.11.0.jar;C:\Users\ad\.p2\pool\plugins\junit-jupiter-migrationsupport_5.11.0.jar;C:\Users\ad\.p2\pool\plugins\junit-jupiter-params_5.11.0.jar;C:\Users\ad\.p2\pool\plugins\junit-platform-commons_1.11.0.jar;C:\Users\ad\.p2\pool\plugins\junit-platform-engine_1.11.0.jar;C:\Users\ad\.p2\pool\plugins\junit-platform-launcher_1.11.0.jar;C:\Users\ad\.p2\pool\plugins\junit-platform-runner_1.11.0.jar;C:\Users\ad\.p2\pool\plugins\junit-platform-suite-api_1.11.0.jar;C:\Users\ad\.p2\pool\plugins\junit-platform-suite-engine_1.11.0.jar;C:\Users\ad\.p2\pool\plugins\junit-platform-suite-commons_1.11.0.jar;C:\Users\ad\.p2\pool\plugins\junit-vintage-engine_5.11.0.jar;C:\Users\ad\.p2\pool\plugins\org.opentest4j_1.3.0.jar;C:\Users\ad\.p2\pool\plugins\org.apiguardian.api_1.1.2.jar;C:\Users\ad\.p2\pool\plugins\org.junit_4.13.2.v20230809-1000.jar;C:\Users\ad\.p2\pool\plugins\org.hamcrest_3.0.0.jar;C:\Users\ad\.p2\pool\plugins\org.hamcrest.core_2.2.0.v20230809-1000.jar
Launcher Type: SUN_STANDARD

[Global flags]
     intx CICompilerCount                          = 4                                         {product} {ergonomic}
     uint ConcGCThreads                            = 3                                         {product} {ergonomic}
     uint G1ConcRefinementThreads                  = 10                                        {product} {ergonomic}
   size_t G1HeapRegionSize                         = 2097152                                   {product} {ergonomic}
   size_t InitialHeapSize                          = 266338304                                 {product} {ergonomic}
   size_t MarkStackSize                            = 4194304                                   {product} {ergonomic}
   size_t MarkStackSizeMax                         = 536870912                                 {product} {ergonomic}
   size_t MaxHeapSize                              = 4238344192                                {product} {ergonomic}
   size_t MinHeapDeltaBytes                        = 2097152                                   {product} {ergonomic}
   size_t MinHeapSize                              = 8388608                                   {product} {ergonomic}
    uintx NonNMethodCodeHeapSize                   = 5832704                                {pd product} {ergonomic}
    uintx NonProfiledCodeHeapSize                  = 122945536                              {pd product} {ergonomic}
    uintx ProfiledCodeHeapSize                     = 122880000                              {pd product} {ergonomic}
    uintx ReservedCodeCacheSize                    = 251658240                              {pd product} {ergonomic}
     bool SegmentedCodeCache                       = true                                      {product} {ergonomic}
     bool ShowCodeDetailsInExceptionMessages       = true                                   {manageable} {command line}
   size_t SoftMaxHeapSize                          = 4238344192                             {manageable} {ergonomic}
     bool UseCompressedOops                        = true                           {product lp64_product} {ergonomic}
     bool UseG1GC                                  = true                                      {product} {ergonomic}
     bool UseLargePagesIndividualAllocation        = false                                  {pd product} {ergonomic}

Logging:
Log output configuration:
 #0: stdout all=warning uptime,level,tags foldmultilines=false
 #1: stderr all=off uptime,level,tags foldmultilines=false

Environment Variables:
PATH=C:/Users/ad/.p2/pool/plugins/org.eclipse.justj.openjdk.hotspot.jre.full.win32.x86_64_23.0.0.v20240919-1706/jre/bin/server;C:/Users/ad/.p2/pool/plugins/org.eclipse.justj.openjdk.hotspot.jre.full.win32.x86_64_23.0.0.v20240919-1706/jre/bin;C:\Program Files\Common Files\Oracle\Java\javapath;C:\Program Files (x86)\Common Files\Oracle\Java\java8path;C:\Program Files (x86)\Common Files\Oracle\Java\javapath;C:\Windows\system32;C:\Windows;C:\Windows\System32\Wbem;C:\Windows\System32\WindowsPowerShell\v1.0\;C:\Windows\System32\OpenSSH\;C:\Program Files (x86)\Microsoft SQL Server\160\Tools\Binn\;C:\Program Files\Microsoft SQL Server\160\Tools\Binn\;C:\Program Files\Microsoft SQL Server\Client SDK\ODBC\170\Tools\Binn\;C:\Program Files\Microsoft SQL Server\160\DTS\Binn\;C:\Program Files (x86)\Microsoft SQL Server\160\DTS\Binn\;C:\Program Files\Git\cmd;C:\Program Files\Cloudflare\Cloudflare WARP\;C:\Program Files\NVIDIA Corporation\NVIDIA app\NvDLISR;C:\Users\ad\AppData\Local\Microsoft\WindowsApps;;C:\Program Files\JetBrains\WebStorm 2024.2.4\bin;;C:\Users\ad\Desktop;
USERNAME=ad
OS=Windows_NT
PROCESSOR_IDENTIFIER=Intel64 Family 6 Model 141 Stepping 1, GenuineIntel
TMP=C:\Users\ad\AppData\Local\Temp
TEMP=C:\Users\ad\AppData\Local\Temp




Periodic native trim disabled

---------------  S Y S T E M  ---------------

OS:
 Windows 11 , 64 bit Build 22621 (10.0.22621.4391)
OS uptime: 1 days 11:37 hours
Hyper-V role detected

CPU: total 12 (initial active 12) (6 cores per cpu, 2 threads per core) family 6 model 141 stepping 1 microcode 0x3c, cx8, cmov, fxsr, ht, mmx, 3dnowpref, sse, sse2, sse3, ssse3, sse4.1, sse4.2, popcnt, lzcnt, tsc, tscinvbit, avx, avx2, aes, erms, clmul, bmi1, bmi2, adx, avx512f, avx512dq, avx512cd, avx512bw, avx512vl, sha, fma, vzeroupper, avx512_vpopcntdq, avx512_vpclmulqdq, avx512_vaes, avx512_vnni, clflush, clflushopt, clwb, avx512_vbmi2, avx512_vbmi, hv, rdtscp, rdpid, fsrm, gfni, avx512_bitalg, f16c, cet_ibt, cet_ss, avx512_ifma
Processor Information for the first 12 processors :
  Max Mhz: 2688, Current Mhz: 2688, Mhz Limit: 2688

Memory: 4k page, system-wide physical 16163M (944M free)
TotalPageFile size 65315M (AvailPageFile size 152M)
current process WorkingSet (physical memory assigned to process): 12M, peak: 12M
current process commit charge ("private bytes"): 64M, peak: 318M

vm_info: Java HotSpot(TM) 64-Bit Server VM (23.0.1+11-39) for windows-amd64 JRE (23.0.1+11-39), built on 2024-09-30T07:20:43Z with MS VC++ 17.6 (VS2022)

END.
